<?xml version="1.0" encoding="UTF-8"?>
<coverage generated="1669727388416" clover="3.2.0">
  <project timestamp="1669727388417" name="All files">
    <metrics statements="8" coveredstatements="4" conditionals="8" coveredconditionals="4" methods="1" coveredmethods="1" elements="17" coveredelements="9" complexity="0" loc="8" ncloc="8" packages="1" files="1" classes="1"/>
    <file name="CalculateValue.js" path="D:\Code\code-coverage-G\src\CalculateValue.js">
      <metrics statements="8" coveredstatements="4" conditionals="8" coveredconditionals="4" methods="1" coveredmethods="1"/>
      <line num="2" count="1" type="stmt"/>
      <line num="7" count="1" type="cond" truecount="1" falsecount="1"/>
      <line num="8" count="0" type="stmt"/>
      <line num="9" count="0" type="cond" truecount="0" falsecount="2"/>
      <line num="10" count="0" type="stmt"/>
      <line num="11" count="0" type="stmt"/>
      <line num="14" count="1" type="stmt"/>
      <line num="17" count="1" type="stmt"/>
    </file>
  </project>
</coverage>
