{"D:\\Code\\code-coverage-G\\src\\CalculateValue.js": {"path":"D:\\Code\\code-coverage-G\\src\\CalculateValue.js","statementMap":{"0":{"start":{"line":2,"column":15},"end":{"line":5,"column":3}},"1":{"start":{"line":7,"column":2},"end":{"line":12,"column":3}},"2":{"start":{"line":8,"column":23},"end":{"line":8,"column":25}},"3":{"start":{"line":9,"column":4},"end":{"line":9,"column":49}},"4":{"start":{"line":9,"column":20},"end":{"line":9,"column":49}},"5":{"start":{"line":10,"column":4},"end":{"line":10,"column":51}},"6":{"start":{"line":11,"column":4},"end":{"line":11,"column":43}},"7":{"start":{"line":14,"column":2},"end":{"line":14,"column":15}},"8":{"start":{"line":17,"column":0},"end":{"line":17,"column":31}}},"fnMap":{"0":{"name":"calculateValue","decl":{"start":{"line":1,"column":9},"end":{"line":1,"column":23}},"loc":{"start":{"line":1,"column":78},"end":{"line":15,"column":1}},"line":1}},"branchMap":{"0":{"loc":{"start":{"line":1,"column":40},"end":{"line":1,"column":57}},"type":"default-arg","locations":[{"start":{"line":1,"column":52},"end":{"line":1,"column":57}}],"line":1},"1":{"loc":{"start":{"line":1,"column":59},"end":{"line":1,"column":76}},"type":"default-arg","locations":[{"start":{"line":1,"column":72},"end":{"line":1,"column":76}}],"line":1},"2":{"loc":{"start":{"line":3,"column":11},"end":{"line":3,"column":61}},"type":"cond-expr","locations":[{"start":{"line":3,"column":23},"end":{"line":3,"column":43}},{"start":{"line":3,"column":46},"end":{"line":3,"column":61}}],"line":3},"3":{"loc":{"start":{"line":7,"column":2},"end":{"line":12,"column":3}},"type":"if","locations":[{"start":{"line":7,"column":2},"end":{"line":12,"column":3}},{"start":{},"end":{}}],"line":7},"4":{"loc":{"start":{"line":9,"column":4},"end":{"line":9,"column":49}},"type":"if","locations":[{"start":{"line":9,"column":4},"end":{"line":9,"column":49}},{"start":{},"end":{}}],"line":9}},"s":{"0":1,"1":1,"2":0,"3":0,"4":0,"5":0,"6":0,"7":1,"8":1},"f":{"0":1},"b":{"0":[1],"1":[1],"2":[0,1],"3":[0,1],"4":[0,0]},"_coverageSchema":"1a1c01bbd47fc00a2c39e90264f33305004495a9","hash":"6a85fee1a39973fd55fceae4854d408782a1d921"}
}
